<?xml version="1.0" encoding="UTF-8"?>
<!-- Generated by org.testng.reporters.JUnitReportReporter -->
<testsuite hostname="Sekar-PC" failures="0" tests="3" name="testCases.TC001_AccountRegistrationTest" time="11.263" errors="0" timestamp="2024-08-12T23:50:49 IST" skipped="0">
  <testcase classname="testCases.TC001_AccountRegistrationTest" name="testAccountRegistration" time="4.355"/>
  <testcase classname="testCases.TC001_AccountRegistrationTest" name="testAccountRegistration" time="2.817"/>
  <testcase classname="testCases.TC001_AccountRegistrationTest" name="testAccountRegistration" time="4.091"/>
</testsuite> <!-- testCases.TC001_AccountRegistrationTest -->
