<?xml version="1.0" encoding="UTF-8"?>
<!-- Generated by org.testng.reporters.JUnitReportReporter -->
<testsuite hostname="Sekar-PC" failures="0" tests="1" name="testCases.TC002_LoginTest" time="2.419" errors="0" timestamp="2024-08-16T08:36:54 IST" skipped="0">
  <testcase classname="testCases.TC002_LoginTest" name="loginTest" time="2.419"/>
</testsuite> <!-- testCases.TC002_LoginTest -->
