<?xml version="1.0" encoding="UTF-8"?>
<!-- Generated by org.testng.reporters.JUnitReportReporter -->
<testsuite hostname="Sekar-PC" failures="0" tests="3" name="testCases.TC002_LoginTest" time="5.308" errors="0" timestamp="2024-08-12T00:55:30 IST" skipped="0">
  <testcase classname="testCases.TC002_LoginTest" name="loginTest" time="1.967"/>
  <testcase classname="testCases.TC002_LoginTest" name="loginTest" time="1.681"/>
  <testcase classname="testCases.TC002_LoginTest" name="loginTest" time="1.660"/>
</testsuite> <!-- testCases.TC002_LoginTest -->
