<?xml version="1.0" encoding="UTF-8"?>
<!-- Generated by org.testng.reporters.JUnitReportReporter -->
<testsuite hostname="Sekar-PC" failures="0" tests="1" name="testBase.TC001_AccountRegistrationTest" time="6.731" errors="0" timestamp="2024-08-11T15:24:02 IST" skipped="0">
  <testcase classname="testBase.TC001_AccountRegistrationTest" name="testAccountRegistration" time="6.731"/>
</testsuite> <!-- testBase.TC001_AccountRegistrationTest -->
