<?xml version="1.0" encoding="UTF-8"?>
<!-- Generated by org.testng.reporters.JUnitReportReporter -->
<testsuite hostname="Sekar-PC" failures="0" tests="3" name="testCases.TC002_LoginTest" time="7.045" errors="0" timestamp="2024-08-12T23:50:49 IST" skipped="0">
  <testcase classname="testCases.TC002_LoginTest" name="loginTest" time="2.444"/>
  <testcase classname="testCases.TC002_LoginTest" name="loginTest" time="2.293"/>
  <testcase classname="testCases.TC002_LoginTest" name="loginTest" time="2.308"/>
</testsuite> <!-- testCases.TC002_LoginTest -->
