<?xml version="1.0" encoding="UTF-8"?>
<!-- Generated by org.testng.reporters.JUnitReportReporter -->
<testsuite hostname="Sekar-PC" failures="0" tests="3" name="testCases.TC001_AccountRegistrationTest" time="7.458" errors="0" timestamp="2024-08-12T00:55:30 IST" skipped="0">
  <testcase classname="testCases.TC001_AccountRegistrationTest" name="testAccountRegistration" time="2.435"/>
  <testcase classname="testCases.TC001_AccountRegistrationTest" name="testAccountRegistration" time="2.388"/>
  <testcase classname="testCases.TC001_AccountRegistrationTest" name="testAccountRegistration" time="2.635"/>
</testsuite> <!-- testCases.TC001_AccountRegistrationTest -->
