<?xml version="1.0" encoding="UTF-8"?>
<!-- Generated by org.testng.reporters.JUnitReportReporter -->
<testsuite hostname="Sekar-PC" failures="0" tests="1" name="testCases.TC001_AccountRegistrationTest" time="2.033" errors="0" timestamp="2024-08-13T02:36:06 IST" skipped="0">
  <testcase classname="testCases.TC001_AccountRegistrationTest" name="testAccountRegistration" time="2.033"/>
</testsuite> <!-- testCases.TC001_AccountRegistrationTest -->
